
> staking-app@0.1.0 start /home/ubuntu/staking-web
> react-scripts start

[34mℹ[39m [90m｢wds｣[39m: Project is running at http://172.31.28.66/
[34mℹ[39m [90m｢wds｣[39m: webpack output is served from 
[34mℹ[39m [90m｢wds｣[39m: Content not from webpack is served from /home/ubuntu/staking-web/public
[34mℹ[39m [90m｢wds｣[39m: 404s will fallback to /
Starting the development server...


> staking-app@0.1.0 start /home/ubuntu/staking-web
> react-scripts start

Compiled with warnings.

src/components/Card.js
  Line 46:6:  React Hook useEffect has missing dependencies: 'accountDetails?.deposit_time', 'accounts', 'counter', and 'counter2'. Either include them or remove the dependency array  react-hooks/exhaustive-deps

src/components/Header.js
  Line 57:11:  'networkId' is assigned a value but never used  no-unused-vars

src/containers/Home.js
  Line 589:13:  Effect callbacks are synchronous to prevent race conditions. Put the async function inside:

useEffect(() => {
  async function fetchData() {
    // You can await here
    const response = await MyAPI.getData(someId);
    // ...
  }
  fetchData();
}, [someId]); // Or [] if effect doesn't need props or state

Learn more about data fetching with Hooks: https://reactjs.org/link/hooks-data-fetching  react-hooks/exhaustive-deps

Search for the keywords to learn more about each warning.
To ignore, add // eslint-disable-next-line to the line before.

Something is already running on port 3000.

Usage: npm <command>

where <command> is one of:
    access, adduser, audit, bin, bugs, c, cache, ci, cit,
    clean-install, clean-install-test, completion, config,
    create, ddp, dedupe, deprecate, dist-tag, docs, doctor,
    edit, explore, fund, get, help, help-search, hook, i, init,
    install, install-ci-test, install-test, it, link, list, ln,
    login, logout, ls, org, outdated, owner, pack, ping, prefix,
    profile, prune, publish, rb, rebuild, repo, restart, root,
    run, run-script, s, se, search, set, shrinkwrap, star,
    stars, start, stop, t, team, test, token, tst, un,
    uninstall, unpublish, unstar, up, update, v, version, view,
    whoami

npm <command> -h  quick help on <command>
npm -l            display full usage info
npm help <term>   search for help on <term>
npm help npm      involved overview

Specify configs in the ini-formatted file:
    /home/ubuntu/.npmrc
or on the command line via: npm <command> --key value
Config info can be viewed via: npm help config

npm@6.14.4 /usr/share/npm
internal/modules/cjs/loader.js:638
    throw err;
    ^

Error: Cannot find module '/home/ubuntu/staking-web/server.js'
    at Function.Module._resolveFilename (internal/modules/cjs/loader.js:636:15)
    at Function.Module._load (internal/modules/cjs/loader.js:562:25)
    at Function.Module.runMain (internal/modules/cjs/loader.js:831:12)
    at startup (internal/bootstrap/node.js:283:19)
    at bootstrapNodeJSCore (internal/bootstrap/node.js:623:3)
